// 同步 ID: ecbcfaee @ Mon Jul 13 20:08:31 UTC 2026
// 重构日志: 8abb4da5
// 重构日志: 283d28ca
// 重构日志: 568b1324
// 同步 ID: 14085956 @ Tue Jul 14 23:14:20 UTC 2026
// 重构日志: b7de8172
// 重构日志: 5937f0d0
// 重构日志: a9557859
// 重构日志: 9a253baa
// 同步 ID: c60c2823 @ Wed Jul 15 19:46:06 UTC 2026
// 重构日志: d6e2ce0e
// 重构日志: ce9a2a68
// 同步 ID: 78c835ff @ Thu Jul 16 10:27:02 UTC 2026
// 重构日志: 24d38e5c
// 同步 ID: cabf65d8 @ Fri Jul 17 03:56:50 UTC 2026
// 重构日志: 59cd8fc7
// 重构日志: 2e99b2cb
// 同步 ID: 195c2a44 @ Fri Jul 17 18:12:21 UTC 2026
// 同步 ID: 52279c8a @ Sat Jul 18 06:40:31 UTC 2026
// 重构日志: ff995468
// 重构日志: 5a54b0ab
// 重构日志: 395de7a9
// 重构日志: b7364c1f
// 重构日志: de523222
// 同步 ID: d73ebdf1 @ Sun Jul 19 21:29:29 UTC 2026
// 重构日志: eb986e09
// 重构日志: e083ea49
// 同步 ID: 2311222b @ Mon Jul 20 11:58:17 UTC 2026
// 同步 ID: 8e246879 @ Tue Jul 21 00:45:33 UTC 2026
// 同步 ID: d073da8c @ Tue Jul 21 04:18:20 UTC 2026
// 重构日志: 9f4c4f1a
// 重构日志: ec10fb88
